# JRE version: OpenJDK Runtime Environment (11.0.13) (build 11.0.13+0-b1751.21-8125866)
# Java VM: OpenJDK 64-Bit Server VM (11.0.13+0-b1751.21-8125866, mixed mode, tiered, compressed oops, g1 gc, linux-amd64)
Heap:
 garbage-first heap   total 307200K, used 133060K [0x0000000080000000, 0x0000000100000000)
  region size 1024K, 7 young (7168K), 5 survivors (5120K)
 Metaspace       used 80717K, capacity 82800K, committed 83240K, reserved 1122304K
  class space    used 10406K, capacity 11163K, committed 11264K, reserved 1048576K
GC Heap History (20 events):
Event: 1,781 GC heap before
{Heap before GC invocations=1 (full 0):
 garbage-first heap   total 256000K, used 104341K [0x0000000080000000, 0x0000000100000000)
  region size 1024K, 97 young (99328K), 3 survivors (3072K)
 Metaspace       used 20742K, capacity 21120K, committed 21296K, reserved 1069056K
  class space    used 2526K, capacity 2688K, committed 2688K, reserved 1048576K
}
Event: 1,789 GC heap after
{Heap after GC invocations=2 (full 0):
 garbage-first heap   total 256000K, used 16949K [0x0000000080000000, 0x0000000100000000)
  region size 1024K, 11 young (11264K), 11 survivors (11264K)
 Metaspace       used 20742K, capacity 21120K, committed 21296K, reserved 1069056K
  class space    used 2526K, capacity 2688K, committed 2688K, reserved 1048576K
}
Event: 2,201 GC heap before
{Heap before GC invocations=3 (full 0):
 garbage-first heap   total 256000K, used 65077K [0x0000000080000000, 0x0000000100000000)
  region size 1024K, 59 young (60416K), 11 survivors (11264K)
 Metaspace       used 25816K, capacity 26403K, committed 26624K, reserved 1073152K
  class space    used 3339K, capacity 3562K, committed 3584K, reserved 1048576K
}
Event: 2,206 GC heap after
{Heap after GC invocations=4 (full 0):
 garbage-first heap   total 256000K, used 19090K [0x0000000080000000, 0x0000000100000000)
  region size 1024K, 3 young (3072K), 3 survivors (3072K)
 Metaspace       used 25816K, capacity 26403K, committed 26624K, reserved 1073152K
  class space    used 3339K, capacity 3562K, committed 3584K, reserved 1048576K
}
Event: 3,020 GC heap before
{Heap before GC invocations=4 (full 0):
 garbage-first heap   total 256000K, used 118418K [0x0000000080000000, 0x0000000100000000)
  region size 1024K, 87 young (89088K), 3 survivors (3072K)
 Metaspace       used 34758K, capacity 35746K, committed 35968K, reserved 1081344K
  class space    used 4582K, capacity 4927K, committed 4992K, reserved 1048576K
}
Event: 3,027 GC heap after
{Heap after GC invocations=5 (full 0):
 garbage-first heap   total 256000K, used 39887K [0x0000000080000000, 0x0000000100000000)
  region size 1024K, 9 young (9216K), 9 survivors (9216K)
 Metaspace       used 34758K, capacity 35746K, committed 35968K, reserved 1081344K
  class space    used 4582K, capacity 4927K, committed 4992K, reserved 1048576K
}
Event: 4,003 GC heap before
{Heap before GC invocations=6 (full 0):
 garbage-first heap   total 256000K, used 161743K [0x0000000080000000, 0x0000000100000000)
  region size 1024K, 113 young (115712K), 9 survivors (9216K)
 Metaspace       used 45498K, capacity 46753K, committed 47004K, reserved 1089536K
  class space    used 5681K, capacity 6131K, committed 6144K, reserved 1048576K
}
Event: 4,014 GC heap after
{Heap after GC invocations=7 (full 0):
 garbage-first heap   total 256000K, used 61097K [0x0000000080000000, 0x0000000100000000)
  region size 1024K, 15 young (15360K), 15 survivors (15360K)
 Metaspace       used 45498K, capacity 46753K, committed 47004K, reserved 1089536K
  class space    used 5681K, capacity 6131K, committed 6144K, reserved 1048576K
}
Event: 4,946 GC heap before
{Heap before GC invocations=7 (full 0):
 garbage-first heap   total 256000K, used 176809K [0x0000000080000000, 0x0000000100000000)
  region size 1024K, 124 young (126976K), 15 survivors (15360K)
 Metaspace       used 51059K, capacity 52557K, committed 52764K, reserved 1095680K
  class space    used 6497K, capacity 7015K, committed 7040K, reserved 1048576K
}
Event: 4,967 GC heap after
{Heap after GC invocations=8 (full 0):
 garbage-first heap   total 256000K, used 73869K [0x0000000080000000, 0x0000000100000000)
  region size 1024K, 7 young (7168K), 7 survivors (7168K)
 Metaspace       used 51059K, capacity 52557K, committed 52764K, reserved 1095680K
  class space    used 6497K, capacity 7015K, committed 7040K, reserved 1048576K
}
Event: 5,576 GC heap before
{Heap before GC invocations=8 (full 0):
 garbage-first heap   total 256000K, used 148621K [0x0000000080000000, 0x0000000100000000)
  region size 1024K, 77 young (78848K), 7 survivors (7168K)
 Metaspace       used 58750K, capacity 60414K, committed 60636K, reserved 1101824K
  class space    used 7436K, capacity 8033K, committed 8064K, reserved 1048576K
}
Event: 5,586 GC heap after
{Heap after GC invocations=9 (full 0):
 garbage-first heap   total 256000K, used 85229K [0x0000000080000000, 0x0000000100000000)
  region size 1024K, 14 young (14336K), 14 survivors (14336K)
 Metaspace       used 58750K, capacity 60414K, committed 60636K, reserved 1101824K
  class space    used 7436K, capacity 8033K, committed 8064K, reserved 1048576K
}
Event: 6,640 GC heap before
{Heap before GC invocations=10 (full 0):
 garbage-first heap   total 256000K, used 195821K [0x0000000080000000, 0x0000000100000000)
  region size 1024K, 115 young (117760K), 14 survivors (14336K)
 Metaspace       used 66299K, capacity 68039K, committed 68264K, reserved 1107968K
  class space    used 8444K, capacity 9065K, committed 9088K, reserved 1048576K
}
Event: 6,669 GC heap after
{Heap after GC invocations=11 (full 0):
 garbage-first heap   total 256000K, used 92651K [0x0000000080000000, 0x0000000100000000)
  region size 1024K, 15 young (15360K), 15 survivors (15360K)
 Metaspace       used 66299K, capacity 68039K, committed 68264K, reserved 1107968K
  class space    used 8444K, capacity 9065K, committed 9088K, reserved 1048576K
}
Event: 7,813 GC heap before
{Heap before GC invocations=11 (full 0):
 garbage-first heap   total 256000K, used 216555K [0x0000000080000000, 0x0000000100000000)
  region size 1024K, 115 young (117760K), 15 survivors (15360K)
 Metaspace       used 73941K, capacity 75829K, committed 75944K, reserved 1116160K
  class space    used 9619K, capacity 10326K, committed 10368K, reserved 1048576K
}
Event: 7,834 GC heap after
{Heap after GC invocations=12 (full 0):
 garbage-first heap   total 256000K, used 125043K [0x0000000080000000, 0x0000000100000000)
  region size 1024K, 15 young (15360K), 15 survivors (15360K)
 Metaspace       used 73941K, capacity 75829K, committed 75944K, reserved 1116160K
  class space    used 9619K, capacity 10326K, committed 10368K, reserved 1048576K
}
Event: 8,263 GC heap before
{Heap before GC invocations=12 (full 0):
 garbage-first heap   total 256000K, used 203891K [0x0000000080000000, 0x0000000100000000)
  region size 1024K, 92 young (94208K), 15 survivors (15360K)
 Metaspace       used 76796K, capacity 78944K, committed 79272K, reserved 1118208K
  class space    used 10001K, capacity 10774K, committed 10880K, reserved 1048576K
}
Event: 8,287 GC heap after
{Heap after GC invocations=13 (full 0):
 garbage-first heap   total 256000K, used 129492K [0x0000000080000000, 0x0000000100000000)
  region size 1024K, 4 young (4096K), 4 survivors (4096K)
 Metaspace       used 76796K, capacity 78944K, committed 79272K, reserved 1118208K
  class space    used 10001K, capacity 10774K, committed 10880K, reserved 1048576K
}
Event: 8,718 GC heap before
{Heap before GC invocations=13 (full 0):
 garbage-first heap   total 256000K, used 198100K [0x0000000080000000, 0x0000000100000000)
  region size 1024K, 72 young (73728K), 4 survivors (4096K)
 Metaspace       used 79861K, capacity 81936K, committed 82088K, reserved 1120256K
  class space    used 10385K, capacity 11131K, committed 11136K, reserved 1048576K
}
Event: 8,732 GC heap after
{Heap after GC invocations=14 (full 0):
 garbage-first heap   total 307200K, used 131012K [0x0000000080000000, 0x0000000100000000)
  region size 1024K, 5 young (5120K), 5 survivors (5120K)
 Metaspace       used 79861K, capacity 81936K, committed 82088K, reserved 1120256K
  class space    used 10385K, capacity 11131K, committed 11136K, reserved 1048576K
}

